<?xml version="1.0" encoding="UTF-8"?>
<testsuite xmlns:xsi="http://www.w3.org/2001/XMLSchema-instance" xsi:noNamespaceSchemaLocation="https://maven.apache.org/surefire/maven-surefire-plugin/xsd/surefire-test-report-3.0.xsd" version="3.0" name="com.mycompany.CalculatorTest" time="5.731" tests="1" errors="0" skipped="0" failures="0">
  <properties>
    <property name="java.specification.version" value="21"/>
    <property name="sun.jnu.encoding" value="UTF-8"/>
    <property name="java.class.path" value="/Users/edls3/NetBeansProjects/mavenproject2/target/test-classes:/Users/edls3/NetBeansProjects/mavenproject2/target/classes:/Users/edls3/.m2/repository/org/testng/testng/6.8.1/testng-6.8.1.jar:/Users/edls3/.m2/repository/junit/junit/4.10/junit-4.10.jar:/Users/edls3/.m2/repository/org/hamcrest/hamcrest-core/1.1/hamcrest-core-1.1.jar:/Users/edls3/.m2/repository/org/beanshell/bsh/2.0b4/bsh-2.0b4.jar:/Users/edls3/.m2/repository/com/beust/jcommander/1.27/jcommander-1.27.jar:/Users/edls3/.m2/repository/org/yaml/snakeyaml/1.6/snakeyaml-1.6.jar:"/>
    <property name="java.vm.vendor" value="Oracle Corporation"/>
    <property name="sun.arch.data.model" value="64"/>
    <property name="java.vendor.url" value="https://java.oracle.com/"/>
    <property name="user.timezone" value="America/New_York"/>
    <property name="os.name" value="Mac OS X"/>
    <property name="java.vm.specification.version" value="21"/>
    <property name="user.country" value="US"/>
    <property name="sun.java.launcher" value="SUN_STANDARD"/>
    <property name="sun.boot.library.path" value="/Library/Java/JavaVirtualMachines/jdk-21.jdk/Contents/Home/lib"/>
    <property name="sun.java.command" value="/Users/edls3/NetBeansProjects/mavenproject2/target/surefire/surefirebooter-20240903194200817_3.jar /Users/edls3/NetBeansProjects/mavenproject2/target/surefire 2024-09-03T19-42-00_438-jvmRun1 surefire-20240903194200817_1tmp surefire_0-20240903194200817_2tmp"/>
    <property name="http.nonProxyHosts" value="local|*.local|169.254/16|*.169.254/16"/>
    <property name="jdk.debug" value="release"/>
    <property name="test" value="com.mycompany.**.*Test"/>
    <property name="surefire.test.class.path" value="/Users/edls3/NetBeansProjects/mavenproject2/target/test-classes:/Users/edls3/NetBeansProjects/mavenproject2/target/classes:/Users/edls3/.m2/repository/org/testng/testng/6.8.1/testng-6.8.1.jar:/Users/edls3/.m2/repository/junit/junit/4.10/junit-4.10.jar:/Users/edls3/.m2/repository/org/hamcrest/hamcrest-core/1.1/hamcrest-core-1.1.jar:/Users/edls3/.m2/repository/org/beanshell/bsh/2.0b4/bsh-2.0b4.jar:/Users/edls3/.m2/repository/com/beust/jcommander/1.27/jcommander-1.27.jar:/Users/edls3/.m2/repository/org/yaml/snakeyaml/1.6/snakeyaml-1.6.jar:"/>
    <property name="sun.cpu.endian" value="little"/>
    <property name="user.home" value="/Users/edls3"/>
    <property name="user.language" value="en"/>
    <property name="java.specification.vendor" value="Oracle Corporation"/>
    <property name="java.version.date" value="2024-07-16"/>
    <property name="java.home" value="/Library/Java/JavaVirtualMachines/jdk-21.jdk/Contents/Home"/>
    <property name="file.separator" value="/"/>
    <property name="basedir" value="/Users/edls3/NetBeansProjects/mavenproject2"/>
    <property name="java.vm.compressedOopsMode" value="Zero based"/>
    <property name="line.separator" value="&#10;"/>
    <property name="java.vm.specification.vendor" value="Oracle Corporation"/>
    <property name="java.specification.name" value="Java Platform API Specification"/>
    <property name="apple.awt.application.name" value="ForkedBooter"/>
    <property name="surefire.real.class.path" value="/Users/edls3/NetBeansProjects/mavenproject2/target/surefire/surefirebooter-20240903194200817_3.jar"/>
    <property name="sun.management.compiler" value="HotSpot 64-Bit Tiered Compilers"/>
    <property name="ftp.nonProxyHosts" value="local|*.local|169.254/16|*.169.254/16"/>
    <property name="java.runtime.version" value="21.0.4+8-LTS-274"/>
    <property name="user.name" value="edls3"/>
    <property name="stdout.encoding" value="UTF-8"/>
    <property name="path.separator" value=":"/>
    <property name="os.version" value="10.15.7"/>
    <property name="java.runtime.name" value="Java(TM) SE Runtime Environment"/>
    <property name="file.encoding" value="UTF-8"/>
    <property name="java.vm.name" value="Java HotSpot(TM) 64-Bit Server VM"/>
    <property name="maven.ext.class.path" value="/Applications/NetBeans/Apache NetBeans 18.app/Contents/Resources/NetBeans/netbeans/java/maven-nblib/netbeans-eventspy.jar"/>
    <property name="localRepository" value="/Users/edls3/.m2/repository"/>
    <property name="java.vendor.url.bug" value="https://bugreport.java.com/bugreport/"/>
    <property name="java.io.tmpdir" value="/var/folders/h3/7s9d9vgn3xx0jphh2tp5s3v80000gn/T/"/>
    <property name="java.version" value="21.0.4"/>
    <property name="user.dir" value="/Users/edls3/NetBeansProjects/mavenproject2"/>
    <property name="os.arch" value="x86_64"/>
    <property name="java.vm.specification.name" value="Java Virtual Machine Specification"/>
    <property name="native.encoding" value="UTF-8"/>
    <property name="java.library.path" value="/Users/edls3/Library/Java/Extensions:/Library/Java/Extensions:/Network/Library/Java/Extensions:/System/Library/Java/Extensions:/usr/lib/java:."/>
    <property name="java.vm.info" value="mixed mode, sharing"/>
    <property name="stderr.encoding" value="UTF-8"/>
    <property name="java.vendor" value="Oracle Corporation"/>
    <property name="java.vm.version" value="21.0.4+8-LTS-274"/>
    <property name="sun.io.unicode.encoding" value="UnicodeBig"/>
    <property name="socksNonProxyHosts" value="local|*.local|169.254/16|*.169.254/16"/>
    <property name="java.class.version" value="65.0"/>
  </properties>
  <testcase name="testAdd" classname="com.mycompany.CalculatorTest" time="0.004"/>
</testsuite>