<?xml version="1.0" encoding="UTF-8"?>
<!-- Generated by org.testng.reporters.JUnitReportReporter -->
<testsuite hostname="Edgars-Mac-mini.local" failures="0" tests="1" name="com.mycompany.CalculatorTest" time="0.010" errors="0" timestamp="3 Sep 2024 23:42:06 GMT">
  <testcase classname="com.mycompany.CalculatorTest" name="testAdd" time="0.010"/>
</testsuite> <!-- com.mycompany.CalculatorTest -->
